
**** Build of configuration Nios II for project freertos_test ****

make all 
      1 [main] sh 12892 find_fast_cwd: WARNING: Couldn't compute FAST_CWD pointer.  Please report this problem to
the public mailing list cygwin@cygwin.com
      1 [main] sh 12432 find_fast_cwd: WARNING: Couldn't compute FAST_CWD pointer.  Please report this problem to
the public mailing list cygwin@cygwin.com
      1 [main] sh 12416 find_fast_cwd: WARNING: Couldn't compute FAST_CWD pointer.  Please report this problem to
the public mailing list cygwin@cygwin.com
      0 [main] sh 10040 find_fast_cwd: WARNING: Couldn't compute FAST_CWD pointer.  Please report this problem to
the public mailing list cygwin@cygwin.com
      0 [main] sh 2656 find_fast_cwd: WARNING: Couldn't compute FAST_CWD pointer.  Please report this problem to
the public mailing list cygwin@cygwin.com
      1 [main] sh 12420 find_fast_cwd: WARNING: Couldn't compute FAST_CWD pointer.  Please report this problem to
the public mailing list cygwin@cygwin.com
      0 [main] sh 3160 find_fast_cwd: WARNING: Couldn't compute FAST_CWD pointer.  Please report this problem to
the public mailing list cygwin@cygwin.com
      1 [main] sh 11288 find_fast_cwd: WARNING: Couldn't compute FAST_CWD pointer.  Please report this problem to
the public mailing list cygwin@cygwin.com
      1 [main] sh 9220 find_fast_cwd: WARNING: Couldn't compute FAST_CWD pointer.  Please report this problem to
the public mailing list cygwin@cygwin.com
      1 [main] sh 11844 find_fast_cwd: WARNING: Couldn't compute FAST_CWD pointer.  Please report this problem to
the public mailing list cygwin@cygwin.com
      1 [main] sh 11000 find_fast_cwd: WARNING: Couldn't compute FAST_CWD pointer.  Please report this problem to
the public mailing list cygwin@cygwin.com
      0 [main] sh 11448 find_fast_cwd: WARNING: Couldn't compute FAST_CWD pointer.  Please report this problem to
the public mailing list cygwin@cygwin.com
      0 [main] sh 12400 find_fast_cwd: WARNING: Couldn't compute FAST_CWD pointer.  Please report this problem to
the public mailing list cygwin@cygwin.com
/usr/bin/sh: line 0: cd: D:/cs723-assignment1/cs723/: No such file or directory
      0 [main] sh 3096 find_fast_cwd: WARNING: Couldn't compute FAST_CWD pointer.  Please report this problem to
the public mailing list cygwin@cygwin.com
      1 [main] sh 13252 find_fast_cwd: WARNING: Couldn't compute FAST_CWD pointer.  Please report this problem to
the public mailing list cygwin@cygwin.com
      0 [main] sh 7052 find_fast_cwd: WARNING: Couldn't compute FAST_CWD pointer.  Please report this problem to
the public mailing list cygwin@cygwin.com
      0 [main] sh 4944 find_fast_cwd: WARNING: Couldn't compute FAST_CWD pointer.  Please report this problem to
the public mailing list cygwin@cygwin.com
      0 [main] sh 10544 find_fast_cwd: WARNING: Couldn't compute FAST_CWD pointer.  Please report this problem to
the public mailing list cygwin@cygwin.com
      0 [main] sh 2664 find_fast_cwd: WARNING: Couldn't compute FAST_CWD pointer.  Please report this problem to
the public mailing list cygwin@cygwin.com
      1 [main] sh 13256 find_fast_cwd: WARNING: Couldn't compute FAST_CWD pointer.  Please report this problem to
the public mailing list cygwin@cygwin.com
      1 [main] sh 13284 find_fast_cwd: WARNING: Couldn't compute FAST_CWD pointer.  Please report this problem to
the public mailing list cygwin@cygwin.com
      0 [main] sh 5348 find_fast_cwd: WARNING: Couldn't compute FAST_CWD pointer.  Please report this problem to
the public mailing list cygwin@cygwin.com
      1 [main] sh 4692 find_fast_cwd: WARNING: Couldn't compute FAST_CWD pointer.  Please report this problem to
the public mailing list cygwin@cygwin.com
      0 [main] echo 3640 find_fast_cwd: WARNING: Couldn't compute FAST_CWD pointer.  Please report this problem to
the public mailing list cygwin@cygwin.com
Info: Building D:/cs723-assignment1/software/freertos_test_bsp/
make --no-print-directory -C D:/cs723-assignment1/software/freertos_test_bsp/
      1 [main] pwd 12776 find_fast_cwd: WARNING: Couldn't compute FAST_CWD pointer.  Please report this problem to
the public mailing list cygwin@cygwin.com
      0 [main] sh 12336 find_fast_cwd: WARNING: Couldn't compute FAST_CWD pointer.  Please report this problem to
the public mailing list cygwin@cygwin.com
      1 [main] sh 13160 find_fast_cwd: WARNING: Couldn't compute FAST_CWD pointer.  Please report this problem to
the public mailing list cygwin@cygwin.com
[BSP build complete]
      1 [main] echo 8152 find_fast_cwd: WARNING: Couldn't compute FAST_CWD pointer.  Please report this problem to
the public mailing list cygwin@cygwin.com
Info: Compiling D:/cs723-assignment1/software/freertos_test/freertos_test.c to obj/default//D/cs723-assignment1/software/freertos_test/freertos_test.o
      1 [main] mkdir 10304 find_fast_cwd: WARNING: Couldn't compute FAST_CWD pointer.  Please report this problem to
the public mailing list cygwin@cygwin.com
nios2-elf-gcc -xc -MP -MMD -c -ID:/cs723-assignment1/software/freertos_test_bsp//HAL/inc -ID:/cs723-assignment1/software/freertos_test_bsp/ -ID:/cs723-assignment1/software/freertos_test_bsp//drivers/inc  -DSYSTEM_BUS_WIDTH=32 -pipe -D__hal__ -DALT_NO_INSTRUCTION_EMULATION -DALT_SINGLE_THREADED    -O0 -g -Wall   -EL -mhw-div -mhw-mul -mno-hw-mulx  -o obj/default//D/cs723-assignment1/software/freertos_test/freertos_test.o D:/cs723-assignment1/software/freertos_test/freertos_test.c
D:/cs723-assignment1/software/freertos_test/freertos_test.c: In function 'VGA_Task':
D:/cs723-assignment1/software/freertos_test/freertos_test.c:120: error: 'last_wake_time' undeclared (first use in this function)
D:/cs723-assignment1/software/freertos_test/freertos_test.c:120: error: (Each undeclared identifier is reported only once
D:/cs723-assignment1/software/freertos_test/freertos_test.c:120: error: for each function it appears in.)
D:/cs723-assignment1/software/freertos_test/freertos_test.c:121: error: 'task_period' undeclared (first use in this function)
D:/cs723-assignment1/software/freertos_test/freertos_test.c:123: error: 'milisec' undeclared (first use in this function)
D:/cs723-assignment1/software/freertos_test/freertos_test.c:125: error: 'temp_buf' undeclared (first use in this function)
D:/cs723-assignment1/software/freertos_test/freertos_test.c:129: error: 'freq_threshold' undeclared (first use in this function)
D:/cs723-assignment1/software/freertos_test/freertos_test.c:131: error: 'roc_threshold' undeclared (first use in this function)
D:/cs723-assignment1/software/freertos_test/freertos_test.c:134: error: 'time_taken' undeclared (first use in this function)
D:/cs723-assignment1/software/freertos_test/freertos_test.c:136: error: 'max_time' undeclared (first use in this function)
D:/cs723-assignment1/software/freertos_test/freertos_test.c:138: error: 'min_time' undeclared (first use in this function)
D:/cs723-assignment1/software/freertos_test/freertos_test.c:140: error: 'avg_time' undeclared (first use in this function)
D:/cs723-assignment1/software/freertos_test/freertos_test.c:149: error: 'FREQPLT_ORI_Y' undeclared (first use in this function)
D:/cs723-assignment1/software/freertos_test/freertos_test.c:149: error: 'FREQPLT_FREQ_RES' undeclared (first use in this function)
D:/cs723-assignment1/software/freertos_test/freertos_test.c:149: error: 'MIN_FREQ' undeclared (first use in this function)
D:/cs723-assignment1/software/freertos_test/freertos_test.c:153: error: 'ROCPLT_ORI_Y' undeclared (first use in this function)
D:/cs723-assignment1/software/freertos_test/freertos_test.c:153: error: 'ROCPLT_ROC_RES' undeclared (first use in this function)
D:/cs723-assignment1/software/freertos_test/freertos_test.c:157: error: 'j' undeclared (first use in this function)
D:/cs723-assignment1/software/freertos_test/freertos_test.c:158: error: 'freq' undeclared (first use in this function)
D:/cs723-assignment1/software/freertos_test/freertos_test.c:158: error: 'freq_index' undeclared (first use in this function)
D:/cs723-assignment1/software/freertos_test/freertos_test.c:161: error: 'line_freq' undeclared (first use in this function)
D:/cs723-assignment1/software/freertos_test/freertos_test.c:161: error: 'FREQPLT_ORI_X' undeclared (first use in this function)
D:/cs723-assignment1/software/freertos_test/freertos_test.c:161: error: 'FREQPLT_GRID_SIZE_X' undeclared (first use in this function)
D:/cs723-assignment1/software/freertos_test/freertos_test.c:168: error: 'line_roc' undeclared (first use in this function)
D:/cs723-assignment1/software/freertos_test/freertos_test.c:168: error: 'ROCPLT_ORI_X' undeclared (first use in this function)
D:/cs723-assignment1/software/freertos_test/freertos_test.c:168: error: 'ROCPLT_GRID_SIZE_X' undeclared (first use in this function)
D:/cs723-assignment1/software/freertos_test/freertos_test.c:169: error: 'dfreq' undeclared (first use in this function)
make: *** [obj/default//D/cs723-assignment1/software/freertos_test/freertos_test.o] Error 1

**** Build Finished ****
